{"/Users/julesnetze/Desktop/trip-service-kata-master/javascript/src/TripService.js":{"path":"/Users/julesnetze/Desktop/trip-service-kata-master/javascript/src/TripService.js","s":{"1":1,"2":1,"3":0,"4":0,"5":0,"6":0,"7":0,"8":0,"9":0,"10":0,"11":0,"12":0,"13":0,"14":0,"15":0,"16":0,"17":1},"b":{"1":[0,0],"2":[0,0],"3":[0,0]},"f":{"1":0},"fnMap":{"1":{"name":"(anonymous_1)","line":7,"loc":{"start":{"line":7,"column":18},"end":{"line":7,"column":25}}}},"statementMap":{"1":{"start":{"line":3,"column":0},"end":{"line":3,"column":43}},"2":{"start":{"line":4,"column":0},"end":{"line":4,"column":35}},"3":{"start":{"line":8,"column":8},"end":{"line":8,"column":26}},"4":{"start":{"line":9,"column":8},"end":{"line":9,"column":53}},"5":{"start":{"line":10,"column":8},"end":{"line":10,"column":29}},"6":{"start":{"line":11,"column":8},"end":{"line":26,"column":9}},"7":{"start":{"line":12,"column":12},"end":{"line":12,"column":44}},"8":{"start":{"line":13,"column":12},"end":{"line":19,"column":13}},"9":{"start":{"line":14,"column":16},"end":{"line":14,"column":40}},"10":{"start":{"line":15,"column":16},"end":{"line":18,"column":17}},"11":{"start":{"line":16,"column":20},"end":{"line":16,"column":36}},"12":{"start":{"line":17,"column":20},"end":{"line":17,"column":26}},"13":{"start":{"line":20,"column":12},"end":{"line":22,"column":13}},"14":{"start":{"line":21,"column":16},"end":{"line":21,"column":57}},"15":{"start":{"line":23,"column":12},"end":{"line":23,"column":28}},"16":{"start":{"line":25,"column":12},"end":{"line":25,"column":51}},"17":{"start":{"line":30,"column":0},"end":{"line":30,"column":28}}},"branchMap":{"1":{"line":11,"type":"if","locations":[{"start":{"line":11,"column":8},"end":{"line":11,"column":8}},{"start":{"line":11,"column":8},"end":{"line":11,"column":8}}]},"2":{"line":15,"type":"if","locations":[{"start":{"line":15,"column":16},"end":{"line":15,"column":16}},{"start":{"line":15,"column":16},"end":{"line":15,"column":16}}]},"3":{"line":20,"type":"if","locations":[{"start":{"line":20,"column":12},"end":{"line":20,"column":12}},{"start":{"line":20,"column":12},"end":{"line":20,"column":12}}]}}},"/Users/julesnetze/Desktop/trip-service-kata-master/javascript/src/UserSession.js":{"path":"/Users/julesnetze/Desktop/trip-service-kata-master/javascript/src/UserSession.js","s":{"1":0,"2":1},"b":{},"f":{"1":0},"fnMap":{"1":{"name":"(anonymous_1)","line":4,"loc":{"start":{"line":4,"column":17},"end":{"line":4,"column":20}}}},"statementMap":{"1":{"start":{"line":5,"column":8},"end":{"line":5,"column":92}},"2":{"start":{"line":10,"column":0},"end":{"line":10,"column":35}}},"branchMap":{}},"/Users/julesnetze/Desktop/trip-service-kata-master/javascript/src/TripDAO.js":{"path":"/Users/julesnetze/Desktop/trip-service-kata-master/javascript/src/TripDAO.js","s":{"1":1,"2":0,"3":1},"b":{},"f":{"1":0},"fnMap":{"1":{"name":"findTripsByUser","line":3,"loc":{"start":{"line":3,"column":0},"end":{"line":3,"column":31}}}},"statementMap":{"1":{"start":{"line":3,"column":0},"end":{"line":5,"column":1}},"2":{"start":{"line":4,"column":4},"end":{"line":4,"column":70}},"3":{"start":{"line":7,"column":0},"end":{"line":7,"column":34}}},"branchMap":{}}}