TN:
SF:/Users/julesnetze/Desktop/trip-service-kata-master/javascript/src/TripService.js
FN:7,(anonymous_1)
FNF:1
FNH:0
FNDA:0,(anonymous_1)
DA:3,1
DA:4,1
DA:8,0
DA:9,0
DA:10,0
DA:11,0
DA:12,0
DA:13,0
DA:14,0
DA:15,0
DA:16,0
DA:17,0
DA:20,0
DA:21,0
DA:23,0
DA:25,0
DA:30,1
LF:17
LH:3
BRDA:11,1,0,0
BRDA:11,1,1,0
BRDA:15,2,0,0
BRDA:15,2,1,0
BRDA:20,3,0,0
BRDA:20,3,1,0
BRF:6
BRH:0
end_of_record
TN:
SF:/Users/julesnetze/Desktop/trip-service-kata-master/javascript/src/UserSession.js
FN:4,(anonymous_1)
FNF:1
FNH:0
FNDA:0,(anonymous_1)
DA:5,0
DA:10,1
LF:2
LH:1
BRF:0
BRH:0
end_of_record
TN:
SF:/Users/julesnetze/Desktop/trip-service-kata-master/javascript/src/TripDAO.js
FN:3,findTripsByUser
FNF:1
FNH:0
FNDA:0,findTripsByUser
DA:3,1
DA:4,0
DA:7,1
LF:3
LH:2
BRF:0
BRH:0
end_of_record
